2026-01-12 12:51:38.286 INFO [java/division-loop/server/Internal] Build started
2026-01-12 12:51:38.286 INFO ["javac", "./results/build/java/division-loop/Program.java", "-d", "./results/build/java/division-loop/server", "-cp", "/usr/local/lib/green-languages:./results/build/java/division-loop/server"]
2026-01-12 12:51:38.536 INFO [java/division-loop/server/Internal] Build success
2026-01-12 12:51:38.536 INFO [java/division-loop/server/Internal] Test started
2026-01-12 12:51:38.536 INFO ["java", "--enable-native-access=ALL-UNNAMED", "--enable-preview", "-cp", "/usr/local/lib/green-languages:./results/build/java/division-loop/server", "Program"]
2026-01-12 12:51:38.537 INFO [java/division-loop/server/Internal] Iteration 1 started
2026-01-12 13:57:01.504 INFO [java/division-loop/server/Internal] Build started
2026-01-12 13:57:01.504 INFO ["javac", "./results/build/java/division-loop/Program.java", "-d", "./results/build/java/division-loop/server", "-cp", "/usr/local/lib/green-languages:./results/build/java/division-loop/server"]
2026-01-12 13:57:01.757 INFO [java/division-loop/server/Internal] Build success
2026-01-12 13:57:01.757 INFO [java/division-loop/server/Internal] Test started
2026-01-12 13:57:01.757 INFO ["java", "--enable-native-access=ALL-UNNAMED", "--enable-preview", "-cp", "/usr/local/lib/green-languages:./results/build/java/division-loop/server", "Program"]
2026-01-12 13:57:01.758 INFO [java/division-loop/server/Internal] Iteration 1 started
2026-01-12 14:01:53.933 INFO [java/division-loop/server/Internal] Build started
2026-01-12 14:01:53.934 INFO ["javac", "./results/build/java/division-loop/Program.java", "-d", "./results/build/java/division-loop/server", "-cp", "/usr/local/lib/green-languages:./results/build/java/division-loop/server"]
2026-01-12 14:01:54.179 INFO [java/division-loop/server/Internal] Build success
2026-01-12 14:01:54.180 INFO [java/division-loop/server/Internal] Test started
2026-01-12 14:01:54.180 INFO ["java", "--enable-native-access=ALL-UNNAMED", "--enable-preview", "-cp", "/usr/local/lib/green-languages:./results/build/java/division-loop/server", "Program"]
2026-01-12 14:01:54.180 ERROR Invalid argument (os error 22)
2026-01-12 14:01:54.180 INFO [java/division-loop/server/External] Build started
2026-01-12 14:01:54.181 INFO ["javac", "./results/build/java/division-loop/Program.java", "-d", "./results/build/java/division-loop/server", "-cp", "/usr/local/lib/green-languages:./results/build/java/division-loop/server"]
2026-01-12 14:01:54.427 INFO [java/division-loop/server/External] Build success
2026-01-12 14:01:54.427 INFO [java/division-loop/server/External] Test started
2026-01-12 14:01:54.427 INFO ["java", "--enable-native-access=ALL-UNNAMED", "--enable-preview", "-cp", "/usr/local/lib/green-languages:./results/build/java/division-loop/server", "Program"]
2026-01-12 14:01:54.427 INFO [java/division-loop/server/External] Iteration 1 started
2026-01-12 14:01:54.427 ERROR Invalid argument (os error 22)
2026-01-12 14:05:38.678 INFO [java/division-loop/server/Internal] Build started
2026-01-12 14:05:38.679 INFO ["javac", "./results/build/java/division-loop/Program.java", "-d", "./results/build/java/division-loop/server", "-cp", "/usr/local/lib/green-languages:./results/build/java/division-loop/server"]
2026-01-12 14:05:38.950 INFO [java/division-loop/server/Internal] Build success
2026-01-12 14:05:38.950 INFO [java/division-loop/server/Internal] Test started
2026-01-12 14:05:38.950 INFO ["java", "--enable-native-access=ALL-UNNAMED", "--enable-preview", "-Djava.library.path=/usr/local/lib/green-languages", "-cp", "/usr/local/lib/green-languages:./results/build/java/division-loop/server", "Program"]
2026-01-12 14:05:38.950 INFO [java/division-loop/server/Internal] Iteration 1 started
2026-01-12 14:06:09.980 INFO [java/division-loop/server/Internal] Build started
2026-01-12 14:06:09.981 INFO ["javac", "./results/build/java/division-loop/Program.java", "-d", "./results/build/java/division-loop/server", "-cp", "/usr/local/lib/green-languages:./results/build/java/division-loop/server"]
2026-01-12 14:06:10.228 INFO [java/division-loop/server/Internal] Build success
2026-01-12 14:06:10.228 INFO [java/division-loop/server/Internal] Test started
2026-01-12 14:06:10.228 INFO ["java", "--enable-native-access=ALL-UNNAMED", "--enable-preview", "-Djava.library.path=/usr/local/lib/green-languages", "-cp", "/usr/local/lib/green-languages:./results/build/java/division-loop/server", "Program"]
2026-01-12 14:06:10.229 ERROR Invalid argument (os error 22)
2026-01-12 14:06:10.229 INFO [java/division-loop/server/External] Build started
2026-01-12 14:06:10.229 INFO ["javac", "./results/build/java/division-loop/Program.java", "-d", "./results/build/java/division-loop/server", "-cp", "/usr/local/lib/green-languages:./results/build/java/division-loop/server"]
2026-01-12 14:06:10.472 INFO [java/division-loop/server/External] Build success
2026-01-12 14:06:10.472 INFO [java/division-loop/server/External] Test started
2026-01-12 14:06:10.472 INFO ["java", "--enable-native-access=ALL-UNNAMED", "--enable-preview", "-Djava.library.path=/usr/local/lib/green-languages", "-cp", "/usr/local/lib/green-languages:./results/build/java/division-loop/server", "Program"]
2026-01-12 14:06:10.473 INFO [java/division-loop/server/External] Iteration 1 started
2026-01-12 14:06:10.474 ERROR Invalid argument (os error 22)
2026-01-12 14:13:06.620 INFO [java/division-loop/server/Internal] Build started
2026-01-12 14:13:06.620 INFO ["javac", "./results/build/java/division-loop/Program.java", "-d", "./results/build/java/division-loop/server", "-cp", "/usr/local/lib/green-languages:./results/build/java/division-loop/server"]
2026-01-12 14:13:06.863 INFO [java/division-loop/server/Internal] Build success
2026-01-12 14:13:06.863 INFO [java/division-loop/server/Internal] Test started
2026-01-12 14:13:06.863 INFO ["java", "--enable-native-access=ALL-UNNAMED", "--enable-preview", "-Djava.library.path=/usr/local/lib/green-languages", "-cp", "/usr/local/lib/green-languages:./results/build/java/division-loop/server", "Program"]
2026-01-12 14:13:06.864 INFO [java/division-loop/server/Internal] Iteration 1 started
2026-01-12 14:13:51.444 INFO [java/division-loop/server/Internal] Build started
2026-01-12 14:13:51.445 INFO ["javac", "./results/build/java/division-loop/Program.java", "-d", "./results/build/java/division-loop/server", "-cp", "/usr/local/lib/green-languages:./results/build/java/division-loop/server"]
2026-01-12 14:13:51.697 INFO [java/division-loop/server/Internal] Build success
2026-01-12 14:13:51.697 INFO [java/division-loop/server/Internal] Test started
2026-01-12 14:13:51.697 INFO ["java", "--enable-native-access=ALL-UNNAMED", "--enable-preview", "-Djava.library.path=/usr/local/lib/green-languages", "-cp", "/usr/local/lib/green-languages:./results/build/java/division-loop/server", "Program"]
2026-01-12 14:13:51.698 INFO [java/division-loop/server/Internal] Iteration 1 started
2026-01-12 14:30:11.934 INFO [java/division-loop/server/Internal] Build started
2026-01-12 14:30:11.934 INFO ["javac", "./results/build/java/division-loop/Program.java", "-d", "./results/build/java/division-loop/server", "-cp", "/usr/local/lib/green-languages:./results/build/java/division-loop/server"]
2026-01-12 14:30:12.193 INFO [java/division-loop/server/Internal] Build success
2026-01-12 14:30:12.193 INFO [java/division-loop/server/Internal] Test started
2026-01-12 14:30:12.193 INFO ["java", "--enable-native-access=ALL-UNNAMED", "--enable-preview", "-Djava.library.path=/usr/local/lib/green-languages", "-cp", "/usr/local/lib/green-languages:./results/build/java/division-loop/server", "Program"]
2026-01-12 14:30:12.194 INFO [java/division-loop/server/Internal] Iteration 1 started
2026-01-12 14:31:18.079 INFO [java/division-loop/server/Internal] Build started
2026-01-12 14:31:18.323 INFO [java/division-loop/server/Internal] Build success
2026-01-12 14:31:18.323 INFO [java/division-loop/server/Internal] Test started
2026-01-12 14:31:18.323 INFO Command Environment:
2026-01-12 14:31:18.323 INFO   CPATH = "/usr/local/lib/green-languages"
2026-01-12 14:31:18.323 INFO   LD_LIBRARY_PATH = "/usr/local/lib/green-languages"
2026-01-12 14:31:18.323 INFO   LIBRARY_PATH = "/usr/local/lib/green-languages"
2026-01-12 14:31:18.324 INFO [java/division-loop/server/Internal] Iteration 1 started
2026-01-12 14:50:46.443 INFO [java/division-loop/server/Process] Build started
2026-01-12 14:50:46.687 INFO [java/division-loop/server/Process] Build success
2026-01-12 14:50:46.687 INFO [java/division-loop/server/Process] Test started
2026-01-12 14:50:46.687 INFO Command Environment:
2026-01-12 14:50:46.687 INFO   CPATH = "/usr/local/lib/green-languages"
2026-01-12 14:50:46.687 INFO   LD_LIBRARY_PATH = "/usr/local/lib/green-languages"
2026-01-12 14:50:46.687 INFO   LIBRARY_PATH = "/usr/local/lib/green-languages"
2026-01-12 14:50:46.687 INFO [java/division-loop/server/Process] Iteration 1 started
2026-01-12 14:50:47.229 INFO [java/division-loop/server/Process] Iteration 1 success
2026-01-12 14:50:47.229 INFO [java/division-loop/server/Process] Test success
2026-01-12 14:51:01.985 INFO [java/division-loop/server/Process] Build started
2026-01-12 14:51:02.232 INFO [java/division-loop/server/Process] Build success
2026-01-12 14:51:02.232 INFO [java/division-loop/server/Process] Test started
2026-01-12 14:51:02.232 INFO Command Environment:
2026-01-12 14:51:02.232 INFO   CPATH = "/usr/local/lib/green-languages"
2026-01-12 14:51:02.232 INFO   LD_LIBRARY_PATH = "/usr/local/lib/green-languages"
2026-01-12 14:51:02.232 INFO   LIBRARY_PATH = "/usr/local/lib/green-languages"
2026-01-12 14:51:02.232 INFO [java/division-loop/server/Process] Iteration 1 started
2026-01-12 14:51:02.771 INFO [java/division-loop/server/Process] Iteration 1 success
2026-01-12 14:51:02.771 INFO Command Environment:
2026-01-12 14:51:02.771 INFO   CPATH = "/usr/local/lib/green-languages"
2026-01-12 14:51:02.771 INFO   LD_LIBRARY_PATH = "/usr/local/lib/green-languages"
2026-01-12 14:51:02.771 INFO   LIBRARY_PATH = "/usr/local/lib/green-languages"
2026-01-12 14:51:02.771 INFO [java/division-loop/server/Process] Iteration 2 started
2026-01-12 14:51:03.305 INFO [java/division-loop/server/Process] Iteration 2 success
2026-01-12 14:51:03.305 INFO [java/division-loop/server/Process] Test success
2026-01-12 15:08:16.212 INFO [java/division-loop/server/Process] Build started
2026-01-12 15:08:16.459 INFO [java/division-loop/server/Process] Build success
2026-01-12 15:08:16.459 INFO [java/division-loop/server/Process] Test started
2026-01-12 15:08:16.459 INFO Command Environment:
2026-01-12 15:08:16.459 INFO   CPATH = "/usr/local/lib/green-languages"
2026-01-12 15:08:16.459 INFO   LD_LIBRARY_PATH = "/usr/local/lib/green-languages"
2026-01-12 15:08:16.459 INFO   LIBRARY_PATH = "/usr/local/lib/green-languages"
2026-01-12 15:08:16.459 INFO [java/division-loop/server/Process] Iteration 1 started
2026-01-12 15:08:17.016 INFO [java/division-loop/server/Process] Iteration 1 success
2026-01-12 15:08:17.016 INFO Command Environment:
2026-01-12 15:08:17.016 INFO   CPATH = "/usr/local/lib/green-languages"
2026-01-12 15:08:17.016 INFO   LD_LIBRARY_PATH = "/usr/local/lib/green-languages"
2026-01-12 15:08:17.016 INFO   LIBRARY_PATH = "/usr/local/lib/green-languages"
2026-01-12 15:08:17.016 INFO [java/division-loop/server/Process] Iteration 2 started
2026-01-12 15:08:17.567 INFO [java/division-loop/server/Process] Iteration 2 success
2026-01-12 15:08:17.567 INFO [java/division-loop/server/Process] Test success
2026-01-12 15:08:22.997 INFO [java/division-loop/server/Internal] Build started
2026-01-12 15:08:23.244 INFO [java/division-loop/server/Internal] Build success
2026-01-12 15:08:23.244 INFO [java/division-loop/server/Internal] Test started
2026-01-12 15:08:23.244 INFO Command Environment:
2026-01-12 15:08:23.244 INFO   CPATH = "/usr/local/lib/green-languages"
2026-01-12 15:08:23.244 INFO   LD_LIBRARY_PATH = "/usr/local/lib/green-languages"
2026-01-12 15:08:23.244 INFO   LIBRARY_PATH = "/usr/local/lib/green-languages"
2026-01-12 15:08:23.244 INFO [java/division-loop/server/Internal] Iteration 1 started
2026-01-12 15:19:16.889 INFO [java/division-loop/server/Internal] Build started
2026-01-12 15:19:17.140 INFO [java/division-loop/server/Internal] Build success
2026-01-12 15:19:17.140 INFO [java/division-loop/server/Internal] Test started
2026-01-12 15:19:17.140 INFO Command Environment:
2026-01-12 15:19:17.140 INFO   CPATH = "/usr/local/lib/green-languages"
2026-01-12 15:19:17.140 INFO   LD_LIBRARY_PATH = "/usr/local/lib/green-languages"
2026-01-12 15:19:17.140 INFO   LIBRARY_PATH = "/usr/local/lib/green-languages"
2026-01-12 15:19:17.141 INFO [java/division-loop/server/Internal] Iteration 1 started
2026-01-12 15:19:17.679 INFO [java/division-loop/server/Internal] Iteration 2 started
2026-01-12 15:19:18.178 INFO [java/division-loop/server/Internal] Iteration 2 success
2026-01-12 15:19:18.178 INFO [java/division-loop/server/Internal] Test success
2026-01-12 15:19:18.178 INFO [java/division-loop/server/External] Build started
2026-01-12 15:19:18.426 INFO [java/division-loop/server/External] Build success
2026-01-12 15:19:18.426 INFO [java/division-loop/server/External] Test started
2026-01-12 15:19:18.426 INFO Command Environment:
2026-01-12 15:19:18.426 INFO   CPATH = "/usr/local/lib/green-languages"
2026-01-12 15:19:18.426 INFO   LD_LIBRARY_PATH = "/usr/local/lib/green-languages"
2026-01-12 15:19:18.426 INFO   LIBRARY_PATH = "/usr/local/lib/green-languages"
2026-01-12 15:19:18.426 INFO [java/division-loop/server/External] Iteration 1 started
2026-01-12 15:19:18.962 INFO [java/division-loop/server/External] Iteration 1 success
2026-01-12 15:19:18.962 INFO Command Environment:
2026-01-12 15:19:18.962 INFO   CPATH = "/usr/local/lib/green-languages"
2026-01-12 15:19:18.962 INFO   LD_LIBRARY_PATH = "/usr/local/lib/green-languages"
2026-01-12 15:19:18.962 INFO   LIBRARY_PATH = "/usr/local/lib/green-languages"
2026-01-12 15:19:18.962 INFO [java/division-loop/server/External] Iteration 2 started
2026-01-12 15:19:19.498 INFO [java/division-loop/server/External] Iteration 2 success
2026-01-12 15:19:19.498 INFO [java/division-loop/server/External] Test success
